<?xml version="1.0" encoding="UTF-8"?>
<testng-results ignored="0" total="1" passed="1" failed="0" skipped="0">
  <reporter-output>
    <line>
      <![CDATA[Execution setup success...]]>
    </line>
  </reporter-output>
  <suite started-at="2024-07-27T19:56:40 IST" name="Test Suite" finished-at="2024-07-27T19:56:46 IST" duration-ms="5592">
    <groups>
      <group name="cucumber">
        <method signature="AbstractTestNGCucumberTests.runScenario(io.cucumber.testng.PickleWrapper,io.cucumber.testng.FeatureWrapper)[pri:0, instance:com.veevasys.runnerClass@56528192]" name="runScenario" class="io.cucumber.testng.AbstractTestNGCucumberTests"/>
      </group> <!-- cucumber -->
    </groups>
    <test started-at="2024-07-27T19:56:40 IST" name="Navigate and Verify Mens Jackets using Chrome" finished-at="2024-07-27T19:56:46 IST" duration-ms="5592">
      <class name="com.veevasys.runnerClass">
        <test-method is-config="true" signature="beforeSuite()[pri:0, instance:com.veevasys.runnerClass@56528192]" started-at="2024-07-27T19:56:40 IST" name="beforeSuite" finished-at="2024-07-27T19:56:40 IST" duration-ms="370" status="PASS">
          <reporter-output>
          </reporter-output>
        </test-method> <!-- beforeSuite -->
        <test-method is-config="true" signature="setUp(java.lang.String,java.lang.String)[pri:0, instance:com.veevasys.runnerClass@56528192]" started-at="2024-07-27T19:56:40 IST" name="setUp" finished-at="2024-07-27T19:56:40 IST" duration-ms="10" status="PASS">
          <params>
            <param index="0">
              <value>
                <![CDATA[chrome]]>
              </value>
            </param>
            <param index="1">
              <value>
                <![CDATA[DP2]]>
              </value>
            </param>
          </params>
          <reporter-output>
          </reporter-output>
        </test-method> <!-- setUp -->
        <test-method is-config="true" signature="setUpClass(org.testng.ITestContext)[pri:0, instance:com.veevasys.runnerClass@56528192]" started-at="2024-07-27T19:56:40 IST" name="setUpClass" finished-at="2024-07-27T19:56:40 IST" duration-ms="349" status="PASS">
          <params>
            <param index="0">
              <value>
                <![CDATA[org.testng.TestRunner@486bd064]]>
              </value>
            </param>
          </params>
          <reporter-output>
          </reporter-output>
        </test-method> <!-- setUpClass -->
        <test-method signature="runScenario(io.cucumber.testng.PickleWrapper,io.cucumber.testng.FeatureWrapper)[pri:0, instance:com.veevasys.runnerClass@56528192]" started-at="2024-07-27T19:56:40 IST" name="runScenario" description="Runs Cucumber Scenarios" data-provider="scenarios" finished-at="2024-07-27T19:56:46 IST" duration-ms="5173" status="PASS">
          <params>
            <param index="0">
              <value>
                <![CDATA["Storing footer links and reporting duplicate links"]]>
              </value>
            </param>
            <param index="1">
              <value>
                <![CDATA["checking"]]>
              </value>
            </param>
          </params>
          <reporter-output>
            <line>
              <![CDATA[Execution setup success...]]>
            </line>
          </reporter-output>
        </test-method> <!-- runScenario -->
        <test-method is-config="true" signature="tearDownClass()[pri:0, instance:com.veevasys.runnerClass@56528192]" started-at="2024-07-27T19:56:46 IST" name="tearDownClass" finished-at="2024-07-27T19:56:46 IST" duration-ms="32" status="PASS">
          <reporter-output>
          </reporter-output>
        </test-method> <!-- tearDownClass -->
        <test-method is-config="true" signature="tearDown()[pri:0, instance:com.veevasys.runnerClass@56528192]" started-at="2024-07-27T19:56:46 IST" name="tearDown" finished-at="2024-07-27T19:56:46 IST" duration-ms="0" status="PASS">
          <reporter-output>
          </reporter-output>
        </test-method> <!-- tearDown -->
        <test-method is-config="true" signature="afterSuite()[pri:0, instance:com.veevasys.runnerClass@56528192]" started-at="2024-07-27T19:56:46 IST" name="afterSuite" finished-at="2024-07-27T19:56:46 IST" duration-ms="212" status="PASS">
          <reporter-output>
          </reporter-output>
        </test-method> <!-- afterSuite -->
      </class> <!-- com.veevasys.runnerClass -->
    </test> <!-- Navigate and Verify Mens Jackets using Chrome -->
  </suite> <!-- Test Suite -->
</testng-results>
